#separator \x09
#set_separator	,
#empty_field	(empty)
#unset_field	-
#path	ocsp
#open	2023-05-26-20-01-28
#fields	ts	id	hashAlgorithm	issuerNameHash	issuerKeyHash	serialNumber	certStatus	revoketime	revokereason	thisUpdate	nextUpdate
#types	time	string	string	string	string	string	string	time	string	time	time
1685120126.438431	F97qcireg8xa4izB6	sha1	2828E1C94506C213EDC35EAC058B3B41C4B61D87	0D98C0737FABBDBDD9474B49AD0A4A0CAC3EC77C	5A7DACCA7AF55AB1E10961B8	good	-	-	1685102817.000000	1685448416.000000
1685120127.616714	FhazbO12icgqT2QSz1	sha1	666D0B709C89E4BE4BEBEC134547E4B695360F8C	C03152CD5A50C3827C7471CECBE99CF97AEB82E2	06FAB2111CA1B6A95BDFA528092F9C25	good	-	-	1685016902.000000	1685619002.000000
1685120130.154552	FoLREw37KDMjtMfT1h	sha1	2B1D1E98CCF37604D6C1C8BD15A224C804130038	0ABC0829178CA5396D7A0ECE33C72EB3EDFBC37A	0765434373ED0E4C092E104CEF08B088	good	-	-	1685019422.000000	1685621522.000000
1685120134.298175	FANKxj2lHD9Yenk908	sha1	84D56BF8098BD307B766D8E1EBAD6596AA6B6761	F5CDD53C0850F96A4F3AB797DA5683E669D268F7	6E21A8E8CB8E627869848E5D	good	-	-	1685101712.000000	1685447311.000000
1685120134.628320	FprrlC3FjNyxSIVa26	sha1	48DAC9A0FB2BD32D4FF0DE68D2F567B735F9B3C4	142EB317B75856CBAE500940E61FAF9D8B14C2C6	0377A703FBDDCF98120D99091EF130DFC4D4	good	-	-	1684897200.000000	1685501998.000000
1685120159.469351	FLKxo8pvvml0GqwFe	sha1	2B1D1E98CCF37604D6C1C8BD15A224C804130038	0ABC0829178CA5396D7A0ECE33C72EB3EDFBC37A	0765434373ED0E4C092E104CEF08B088	good	-	-	1685019422.000000	1685621522.000000
1685120159.876966	FbAK2e1QJqoz9ODqak	sha1	2828E1C94506C213EDC35EAC058B3B41C4B61D87	0D98C0737FABBDBDD9474B49AD0A4A0CAC3EC77C	7F868D798FEE4380E4E07932	good	-	-	1684863309.000000	1685208908.000000
1685120163.920750	F4PPjU1sG9CAruS2Kj	sha1	48DAC9A0FB2BD32D4FF0DE68D2F567B735F9B3C4	142EB317B75856CBAE500940E61FAF9D8B14C2C6	04C258B5B6C52CC051EB7D20514C715B1CFE	good	-	-	1684900800.000000	1685505598.000000
1685120164.847167	FL450N1ckzOkjjKX52	sha1	2828E1C94506C213EDC35EAC058B3B41C4B61D87	0D98C0737FABBDBDD9474B49AD0A4A0CAC3EC77C	7F868D798FEE4380E4E07932	good	-	-	1684863309.000000	1685208908.000000
1685120172.005612	FKwWb4ABqcRu2usq5	sha1	2828E1C94506C213EDC35EAC058B3B41C4B61D87	0D98C0737FABBDBDD9474B49AD0A4A0CAC3EC77C	7F868D798FEE4380E4E07932	good	-	-	1684863309.000000	1685208908.000000
1685120197.867947	FEiWBc1aEOjFEzeool	sha1	2B1D1E98CCF37604D6C1C8BD15A224C804130038	0ABC0829178CA5396D7A0ECE33C72EB3EDFBC37A	0765434373ED0E4C092E104CEF08B088	good	-	-	1685019422.000000	1685621522.000000
1685120208.220681	FCGghgLBd4QHw2NR6	sha1	84D56BF8098BD307B766D8E1EBAD6596AA6B6761	F5CDD53C0850F96A4F3AB797DA5683E669D268F7	76E662A54CE925F34BDA38F7	good	-	-	1685102648.000000	1685448247.000000
1685120209.736894	F7Ty1mfBpuuDK9Ci2	sha1	2828E1C94506C213EDC35EAC058B3B41C4B61D87	0D98C0737FABBDBDD9474B49AD0A4A0CAC3EC77C	5694C7908040D2D8C245EFCF	good	-	-	1685103763.000000	1685449362.000000
#close	2023-05-26-20-01-30
